<?xml version="1.0" encoding="UTF-8"?>
<testng-results ignored="0" total="2" passed="2" failed="0" skipped="0">
  <reporter-output>
  </reporter-output>
  <suite started-at="2021-11-16T15:39:41 PST" name="Default suite" finished-at="2021-11-16T15:40:09 PST" duration-ms="28128">
    <groups>
      <group name="cucumber">
        <method signature="AbstractTestNGCucumberTests.feature(cucumber.api.testng.CucumberFeatureWrapper)[pri:0, instance:californiaUS.TestRunneerrDK.CaliforniaTestRunneerrDK@3a6bb9bf]" name="feature" class="cucumber.api.testng.AbstractTestNGCucumberTests"/>
      </group> <!-- cucumber -->
    </groups>
    <test started-at="2021-11-16T15:39:41 PST" name="Default test" finished-at="2021-11-16T15:40:09 PST" duration-ms="28128">
      <class name="californiaUS.TestRunneerrDK.CaliforniaTestRunneerrDK">
        <test-method is-config="true" signature="OpenBrowser()[pri:0, instance:californiaUS.TestRunneerrDK.CaliforniaTestRunneerrDK@3a6bb9bf]" started-at="2021-11-16T15:39:41 PST" name="OpenBrowser" finished-at="2021-11-16T15:39:45 PST" duration-ms="4351" status="PASS">
          <reporter-output>
          </reporter-output>
        </test-method> <!-- OpenBrowser -->
        <test-method is-config="true" signature="setUpClass()[pri:0, instance:californiaUS.TestRunneerrDK.CaliforniaTestRunneerrDK@3a6bb9bf]" started-at="2021-11-16T15:39:45 PST" name="setUpClass" finished-at="2021-11-16T15:39:46 PST" duration-ms="354" status="PASS">
          <reporter-output>
          </reporter-output>
        </test-method> <!-- setUpClass -->
        <test-method signature="feature(cucumber.api.testng.CucumberFeatureWrapper)[pri:0, instance:californiaUS.TestRunneerrDK.CaliforniaTestRunneerrDK@3a6bb9bf]" started-at="2021-11-16T15:39:46 PST" name="feature" description="Runs Cucumber Feature" data-provider="features" finished-at="2021-11-16T15:40:00 PST" duration-ms="14392" status="PASS">
          <params>
            <param index="0">
              <value>
                <![CDATA[Home page]]>
              </value>
            </param>
          </params>
          <reporter-output>
          </reporter-output>
        </test-method> <!-- feature -->
        <test-method signature="feature(cucumber.api.testng.CucumberFeatureWrapper)[pri:0, instance:californiaUS.TestRunneerrDK.CaliforniaTestRunneerrDK@3a6bb9bf]" started-at="2021-11-16T15:40:00 PST" name="feature" description="Runs Cucumber Feature" data-provider="features" finished-at="2021-11-16T15:40:09 PST" duration-ms="8862" status="PASS">
          <params>
            <param index="0">
              <value>
                <![CDATA[Loggin]]>
              </value>
            </param>
          </params>
          <reporter-output>
          </reporter-output>
        </test-method> <!-- feature -->
        <test-method is-config="true" signature="tearDownClass()[pri:0, instance:californiaUS.TestRunneerrDK.CaliforniaTestRunneerrDK@3a6bb9bf]" started-at="2021-11-16T15:40:09 PST" name="tearDownClass" finished-at="2021-11-16T15:40:09 PST" duration-ms="18" status="PASS">
          <reporter-output>
          </reporter-output>
        </test-method> <!-- tearDownClass -->
      </class> <!-- californiaUS.TestRunneerrDK.CaliforniaTestRunneerrDK -->
    </test> <!-- Default test -->
  </suite> <!-- Default suite -->
</testng-results>
